d:\chapter1exercise\chapter1exercise\debug\vc142.pdb
d:\chapter1exercise\chapter1exercise\debug\vc142.idb
d:\chapter1exercise\chapter1exercise\debug\chapter1exercise.obj
d:\windows10systemsprogramming\windows10systemsprogramming\chapter1exercise\chapter1exercise\debug\vc142.pdb
d:\windows10systemsprogramming\windows10systemsprogramming\chapter1exercise\chapter1exercise\debug\vc142.idb
d:\windows10systemsprogramming\windows10systemsprogramming\chapter1exercise\chapter1exercise\debug\chapter1exercise.obj
d:\chapter1exercise\debug\chapter1exercise.exe
d:\chapter1exercise\chapter1exercise\debug\chapter1exercise.ilk
d:\chapter1exercise\debug\chapter1exercise.pdb
d:\windows10systemsprogramming\windows10systemsprogramming\chapter1exercise\debug\chapter1exercise.pdb
d:\windows10systemsprogramming\windows10systemsprogramming\chapter1exercise\chapter1exercise\debug\chapter1exercise.tlog\cl.command.1.tlog
d:\windows10systemsprogramming\windows10systemsprogramming\chapter1exercise\chapter1exercise\debug\chapter1exercise.tlog\cl.read.1.tlog
d:\windows10systemsprogramming\windows10systemsprogramming\chapter1exercise\chapter1exercise\debug\chapter1exercise.tlog\cl.write.1.tlog
d:\windows10systemsprogramming\windows10systemsprogramming\chapter1exercise\chapter1exercise\debug\chapter1exercise.tlog\link-cvtres.read.1.tlog
d:\windows10systemsprogramming\windows10systemsprogramming\chapter1exercise\chapter1exercise\debug\chapter1exercise.tlog\link-cvtres.write.1.tlog
d:\windows10systemsprogramming\windows10systemsprogramming\chapter1exercise\chapter1exercise\debug\chapter1exercise.tlog\link-rc.read.1.tlog
d:\windows10systemsprogramming\windows10systemsprogramming\chapter1exercise\chapter1exercise\debug\chapter1exercise.tlog\link-rc.write.1.tlog
d:\windows10systemsprogramming\windows10systemsprogramming\chapter1exercise\chapter1exercise\debug\chapter1exercise.tlog\link.command.1.tlog
d:\windows10systemsprogramming\windows10systemsprogramming\chapter1exercise\chapter1exercise\debug\chapter1exercise.tlog\link.read.1.tlog
d:\windows10systemsprogramming\windows10systemsprogramming\chapter1exercise\chapter1exercise\debug\chapter1exercise.tlog\link.write.1.tlog
